{"total": {"lines":{"total":13,"covered":9,"skipped":0,"pct":69.23},"statements":{"total":16,"covered":12,"skipped":0,"pct":75},"functions":{"total":6,"covered":5,"skipped":0,"pct":83.33},"branches":{"total":4,"covered":1,"skipped":0,"pct":25},"branchesTrue":{"total":0,"covered":0,"skipped":0,"pct":"Unknown"}}
,"/Users/mauro/Documents/codigo/test-serverless-action/test-project/src/calculator.js": {"lines":{"total":7,"covered":6,"skipped":0,"pct":85.71},"functions":{"total":4,"covered":4,"skipped":0,"pct":100},"statements":{"total":10,"covered":9,"skipped":0,"pct":90},"branches":{"total":2,"covered":1,"skipped":0,"pct":50}}
,"/Users/mauro/Documents/codigo/test-serverless-action/test-project/src/willFail.js": {"lines":{"total":6,"covered":3,"skipped":0,"pct":50},"functions":{"total":2,"covered":1,"skipped":0,"pct":50},"statements":{"total":6,"covered":3,"skipped":0,"pct":50},"branches":{"total":2,"covered":0,"skipped":0,"pct":0}}
}
